<?xml version="1.0" encoding="UTF-8"?>
<!-- Generated by org.testng.reporters.JUnitXMLReporter -->
<testsuite ignored="7" hostname="LAPTOP-MB07DNL5" failures="1" tests="1" name="TestonEdge(failed)" time="25.652" errors="0" timestamp="2022-02-13T16:33:21 IST">
  <testcase classname="testPackage.OranngeHrNewTestClass" name="verifyAdminButton" time="4.772">
    <failure type="java.lang.AssertionError" message="null">
      <![CDATA[java.lang.AssertionError: null
at testPackage.OranngeHrNewTestClass.verifyAdminButton(OranngeHrNewTestClass.java:123)
at java.base/java.util.concurrent.ThreadPoolExecutor.runWorker(ThreadPoolExecutor.java:1130)
at java.base/java.util.concurrent.ThreadPoolExecutor$Worker.run(ThreadPoolExecutor.java:630)
at java.base/java.lang.Thread.run(Thread.java:831)
... Removed 14 stack frames]]>
    </failure>
  </testcase> <!-- verifyAdminButton -->
  <testcase classname="testPackage.OranngeHrNewTestClass" name="selectDateInPerformanceInReviewList" time="0.0">
    <ignored/>
  </testcase> <!-- selectDateInPerformanceInReviewList -->
  <testcase classname="testPackage.OranngeHrNewTestClass" name="verifyNewTabOpenAfterclickOnOrangeHRImage" time="0.0">
    <ignored/>
  </testcase> <!-- verifyNewTabOpenAfterclickOnOrangeHRImage -->
  <testcase classname="testPackage.OranngeHrNewTestClass" name="getdataFromTable" time="0.0">
    <ignored/>
  </testcase> <!-- getdataFromTable -->
  <testcase classname="testPackage.OranngeHrNewTestClass" name="verifyCheckBoxesInAdminAreClickable" time="0.0">
    <ignored/>
  </testcase> <!-- verifyCheckBoxesInAdminAreClickable -->
  <testcase classname="testPackage.OranngeHrNewTestClass" name="getTextOfComapanyOptionInNewtab" time="0.0">
    <ignored/>
  </testcase> <!-- getTextOfComapanyOptionInNewtab -->
  <testcase classname="testPackage.OranngeHrNewTestClass" name="verifyEmpNameTextBoxInAdminPageIsClickable" time="0.0">
    <ignored/>
  </testcase> <!-- verifyEmpNameTextBoxInAdminPageIsClickable -->
  <testcase classname="testPackage.OranngeHrNewTestClass" name="toVerifyMyInfoButton" time="0.0">
    <ignored/>
  </testcase> <!-- toVerifyMyInfoButton -->
</testsuite> <!-- TestonEdge(failed) -->
